<?xml version="1.0" encoding="UTF-8"?>
<!-- Generated by org.testng.reporters.JUnitReportReporter -->
<testsuite skipped="0" hostname="DESKTOP-VS0PTQG" name="com.testng.JSON_Parser" tests="1" failures="0" timestamp="2022-08-16T00:10:51 IST" time="0.273" errors="0">
  <testcase name="json" time="0.273" classname="com.testng.JSON_Parser"/>
  <system-out/>
</testsuite> <!-- com.testng.JSON_Parser -->
