<?xml version="1.0" encoding="UTF-8"?>
<!-- Generated by org.testng.reporters.JUnitReportReporter -->
<testsuite skipped="0" hostname="DESKTOP-VS0PTQG" name="com.RunnerClass.Rest_Api_Get" tests="4" failures="0" timestamp="2022-08-13T02:03:31 IST" time="7.595" errors="0">
  <testcase name="post" time="0.577" classname="com.RunnerClass.Rest_Api_Get"/>
  <system-out/>
  <testcase name="put" time="0.485" classname="com.RunnerClass.Rest_Api_Get"/>
  <system-out/>
  <testcase name="delete" time="6.207" classname="com.RunnerClass.Rest_Api_Get"/>
  <system-out/>
  <testcase name="get" time="0.326" classname="com.RunnerClass.Rest_Api_Get"/>
  <system-out/>
</testsuite> <!-- com.RunnerClass.Rest_Api_Get -->
